0 info it worked if it ends with ok
1 verbose cli [ 'D:\\Program Files (x86)\\Microsoft Visual Studio 14.0\\Web\\External\\node.exe',
1 verbose cli   'D:\\Program Files (x86)\\Microsoft Visual Studio 14.0\\Web\\External\\node_modules\\npm\\bin\\npm-cli.js',
1 verbose cli   'install' ]
2 info using npm@3.3.4
3 info using node@v5.4.1
4 silly loadCurrentTree Starting
5 silly install loadCurrentTree
6 silly install readLocalPackageData
7 silly install normalizeTree
8 silly loadCurrentTree Finishing
9 silly loadIdealTree Starting
10 silly install loadIdealTree
11 silly cloneCurrentTree Starting
12 silly install cloneCurrentTreeToIdealTree
13 silly cloneCurrentTree Finishing
14 silly loadShrinkwrap Starting
15 silly install loadShrinkwrap
16 silly loadShrinkwrap Finishing
17 silly loadAllDepsIntoIdealTree Starting
18 silly install loadAllDepsIntoIdealTree
19 silly fetchNamedPackageData @angular2-material/all
20 silly mapToRegistry name @angular2-material/all
21 silly mapToRegistry scope (from package name) @angular2-material
22 verbose mapToRegistry no registry URL found in name for scope @angular2-material
23 silly mapToRegistry using default registry
24 silly mapToRegistry registry http://registry.npmjs.org/
25 silly mapToRegistry uri http://registry.npmjs.org/@angular2-material%2fall
26 verbose request uri http://registry.npmjs.org/@angular2-material%2fall
27 verbose request no auth needed
28 info attempt registry request try #1 at 11:37:20 AM
29 verbose request id 8fe868d5f155fc38
30 http request GET http://registry.npmjs.org/@angular2-material%2fall
31 http 404 http://registry.npmjs.org/@angular2-material%2fall
32 verbose headers { 'content-type': 'application/json',
32 verbose headers   'cache-control': 'max-age=0',
32 verbose headers   'accept-ranges': 'bytes',
32 verbose headers   date: 'Wed, 24 Aug 2016 06:07:22 GMT',
32 verbose headers   via: '1.1 varnish, 1.1 CTSINTBMVWCG5',
32 verbose headers   age: '1',
32 verbose headers   'x-served-by': 'cache-sin6920-SIN',
32 verbose headers   'x-cache': 'MISS',
32 verbose headers   'x-cache-hits': '0',
32 verbose headers   'x-timer': 'S1472018841.199648,VS0,VE1336',
32 verbose headers   'content-length': '21',
32 verbose headers   'set-cookie': [ 'NSC_ESNS=cfe3701c-399a-17bd-9678-1a8d9024bb7a_0989811071_3790957551_00000000007782156058; Path=/; Expires=Wed, 24-Aug-2016 06:07:37 GMT' ] }
33 silly get cb [ 404,
33 silly get   { 'content-type': 'application/json',
33 silly get     'cache-control': 'max-age=0',
33 silly get     'accept-ranges': 'bytes',
33 silly get     date: 'Wed, 24 Aug 2016 06:07:22 GMT',
33 silly get     via: '1.1 varnish, 1.1 CTSINTBMVWCG5',
33 silly get     age: '1',
33 silly get     'x-served-by': 'cache-sin6920-SIN',
33 silly get     'x-cache': 'MISS',
33 silly get     'x-cache-hits': '0',
33 silly get     'x-timer': 'S1472018841.199648,VS0,VE1336',
33 silly get     'content-length': '21',
33 silly get     'set-cookie': [ 'NSC_ESNS=cfe3701c-399a-17bd-9678-1a8d9024bb7a_0989811071_3790957551_00000000007782156058; Path=/; Expires=Wed, 24-Aug-2016 06:07:37 GMT' ] } ]
34 silly fetchPackageMetaData Error: Not found : @angular2-material/all
34 silly fetchPackageMetaData     at makeError (D:\Program Files (x86)\Microsoft Visual Studio 14.0\Web\External\node_modules\npm-registry-client\lib\request.js:264:12)
34 silly fetchPackageMetaData     at CachingRegistryClient.<anonymous> (D:\Program Files (x86)\Microsoft Visual Studio 14.0\Web\External\node_modules\npm-registry-client\lib\request.js:252:14)
34 silly fetchPackageMetaData     at Request._callback (D:\Program Files (x86)\Microsoft Visual Studio 14.0\Web\External\node_modules\npm-registry-client\lib\request.js:172:14)
34 silly fetchPackageMetaData     at Request.self.callback (D:\Program Files (x86)\Microsoft Visual Studio 14.0\Web\External\node_modules\request\request.js:344:22)
34 silly fetchPackageMetaData     at emitTwo (events.js:87:13)
34 silly fetchPackageMetaData     at Request.emit (events.js:172:7)
34 silly fetchPackageMetaData     at Request.<anonymous> (D:\Program Files (x86)\Microsoft Visual Studio 14.0\Web\External\node_modules\request\request.js:1239:14)
34 silly fetchPackageMetaData     at emitOne (events.js:82:20)
34 silly fetchPackageMetaData     at Request.emit (events.js:169:7)
34 silly fetchPackageMetaData     at IncomingMessage.<anonymous> (D:\Program Files (x86)\Microsoft Visual Studio 14.0\Web\External\node_modules\request\request.js:1187:12)
34 silly fetchPackageMetaData  error for @angular2-material/all@2.0.0-alpha.7 { [Error: Not found : @angular2-material/all]
34 silly fetchPackageMetaData   pkgid: '@angular2-material/all',
34 silly fetchPackageMetaData   statusCode: 404,
34 silly fetchPackageMetaData   code: 'E404' }
35 silly rollbackFailedOptional Starting
36 silly rollbackFailedOptional Finishing
37 silly runTopLevelLifecycles Starting
38 silly runTopLevelLifecycles Finishing
39 silly install printInstalled
40 verbose stack Error: Not found : @angular2-material/all
40 verbose stack     at makeError (D:\Program Files (x86)\Microsoft Visual Studio 14.0\Web\External\node_modules\npm-registry-client\lib\request.js:264:12)
40 verbose stack     at CachingRegistryClient.<anonymous> (D:\Program Files (x86)\Microsoft Visual Studio 14.0\Web\External\node_modules\npm-registry-client\lib\request.js:252:14)
40 verbose stack     at Request._callback (D:\Program Files (x86)\Microsoft Visual Studio 14.0\Web\External\node_modules\npm-registry-client\lib\request.js:172:14)
40 verbose stack     at Request.self.callback (D:\Program Files (x86)\Microsoft Visual Studio 14.0\Web\External\node_modules\request\request.js:344:22)
40 verbose stack     at emitTwo (events.js:87:13)
40 verbose stack     at Request.emit (events.js:172:7)
40 verbose stack     at Request.<anonymous> (D:\Program Files (x86)\Microsoft Visual Studio 14.0\Web\External\node_modules\request\request.js:1239:14)
40 verbose stack     at emitOne (events.js:82:20)
40 verbose stack     at Request.emit (events.js:169:7)
40 verbose stack     at IncomingMessage.<anonymous> (D:\Program Files (x86)\Microsoft Visual Studio 14.0\Web\External\node_modules\request\request.js:1187:12)
41 verbose statusCode 404
42 verbose pkgid @angular2-material/all
43 verbose cwd D:\mvc6\Components\WebApp\src\WebApp
44 error Windows_NT 6.1.7601
45 error argv "D:\\Program Files (x86)\\Microsoft Visual Studio 14.0\\Web\\External\\node.exe" "D:\\Program Files (x86)\\Microsoft Visual Studio 14.0\\Web\\External\\node_modules\\npm\\bin\\npm-cli.js" "install"
46 error node v5.4.1
47 error npm  v3.3.4
48 error code E404
49 error 404 Not found : @angular2-material/all
49 error 404
49 error 404 '@angular2-material/all' is not in the npm registry.
49 error 404 You should bug the author to publish it (or use the name yourself!)
49 error 404 It was specified as a dependency of 'asp.net'
49 error 404
49 error 404 Note that you can also install from a
49 error 404 tarball, folder, http url, or git url.
50 verbose exit [ 1, true ]
